2016-11-02 19:16:48,302 0    [main] INFO  com.email.GenarateHtmlContentTest  - HTML content: <!DOCTYPE html PUBLIC "-//W3C//DTD XHTML 1.0 Transitional//EN" "http://www.w3.org/TR/xhtml1/DTD/xhtml1-transitional.dtd"> <html xmlns="http://www.w3.org/1999/xhtml"> <head><meta http-equiv="Content-Type" content="text/html; charset=UTF-8" /> </head><body><p>hellow this is siva</p></body></html> 
2016-11-14 16:35:42,840 0    [main] INFO  com.email.GenarateHtmlContentTest  - HTML content: <!DOCTYPE html PUBLIC "-//W3C//DTD XHTML 1.0 Transitional//EN" "http://www.w3.org/TR/xhtml1/DTD/xhtml1-transitional.dtd"> <html xmlns="http://www.w3.org/1999/xhtml"> <head><meta http-equiv="Content-Type" content="text/html; charset=UTF-8" /> </head><body><p>hellow this is siva</p></body></html> 
2016-11-15 15:40:38,583 0    [main] INFO  com.email.GenarateHtmlContentTest  - HTML content: <!DOCTYPE html PUBLIC "-//W3C//DTD XHTML 1.0 Transitional//EN" "http://www.w3.org/TR/xhtml1/DTD/xhtml1-transitional.dtd"> <html xmlns="http://www.w3.org/1999/xhtml"> <head><meta http-equiv="Content-Type" content="text/html; charset=UTF-8" /> </head><body><p>hellow this is siva</p></body></html> 
2016-11-15 19:34:20,201 0    [main] INFO  com.email.GenarateHtmlContentTest  - HTML content: <!DOCTYPE html PUBLIC "-//W3C//DTD XHTML 1.0 Transitional//EN" "http://www.w3.org/TR/xhtml1/DTD/xhtml1-transitional.dtd"> <html xmlns="http://www.w3.org/1999/xhtml"> <head><meta http-equiv="Content-Type" content="text/html; charset=UTF-8" /> </head><body><p>hellow this is siva</p></body></html> 
2016-11-16 07:15:35,610 0    [main] INFO  com.email.GenarateHtmlContentTest  - HTML content: <!DOCTYPE html PUBLIC "-//W3C//DTD XHTML 1.0 Transitional//EN" "http://www.w3.org/TR/xhtml1/DTD/xhtml1-transitional.dtd"> <html xmlns="http://www.w3.org/1999/xhtml"> <head><meta http-equiv="Content-Type" content="text/html; charset=UTF-8" /> </head><body><p>hellow this is siva</p></body></html> 
2016-11-16 07:17:48,159 0    [main] INFO  com.email.GenarateHtmlContentTest  - HTML content: <!DOCTYPE html PUBLIC "-//W3C//DTD XHTML 1.0 Transitional//EN" "http://www.w3.org/TR/xhtml1/DTD/xhtml1-transitional.dtd"> <html xmlns="http://www.w3.org/1999/xhtml"> <head><meta http-equiv="Content-Type" content="text/html; charset=UTF-8" /> </head><body><p>hellow this is siva</p></body></html> 
2016-11-16 07:53:55,903 0    [http-nio-8080-exec-5] INFO  com.email.controller.SendEmailServlet  - inside send email servlet @ post
2016-11-16 08:58:03,928 0    [main] INFO  com.email.controller.SendEmailServlet  - inside send email servlet @ post
2016-11-16 09:14:08,495 0    [main] INFO  com.email.controller.SendEmailServlet  - inside send email servlet @ post
2016-11-16 09:17:11,301 0    [main] INFO  com.email.controller.SendEmailServlet  - inside send email servlet @ post
2016-11-16 09:25:59,729 0    [main] INFO  com.email.controller.SendEmailServlet  - inside send email servlet @ post
2016-11-16 09:25:59,734 5    [main] INFO  com.email.controller.SendEmailServlet  - to:siva.sajjala@gmail.com
2016-11-16 09:25:59,734 5    [main] INFO  com.email.controller.SendEmailServlet  - sub:email from local
2016-11-16 09:25:59,734 5    [main] INFO  com.email.controller.SendEmailServlet  - from:siva.kesava11@gmail.com
2016-11-16 09:25:59,734 5    [main] INFO  com.email.controller.SendEmailServlet  - body:email from local
2016-11-16 09:30:04,147 0    [main] INFO  com.email.controller.SendEmailServlet  - inside send email servlet @ post
2016-11-16 09:30:07,966 3819 [main] INFO  com.email.controller.SendEmailServlet  - to:siva.sajjala@gmail.com
2016-11-16 09:30:08,254 4107 [main] INFO  com.email.controller.SendEmailServlet  - sub:email from local
2016-11-16 09:30:08,541 4394 [main] INFO  com.email.controller.SendEmailServlet  - from:siva.kesava11@gmail.com
2016-11-16 09:30:08,968 4821 [main] INFO  com.email.controller.SendEmailServlet  - body:email from local
2016-11-16 09:32:48,592 0    [main] INFO  com.email.controller.SendEmailServlet  - inside send email servlet @ post
2016-11-16 09:32:52,021 3429 [main] INFO  com.email.controller.SendEmailServlet  - to:siva.sajjala@gmail.com
2016-11-16 09:32:52,285 3693 [main] INFO  com.email.controller.SendEmailServlet  - sub:email from local
2016-11-16 09:32:52,724 4132 [main] INFO  com.email.controller.SendEmailServlet  - from:siva.kesava11@gmail.com
2016-11-16 09:32:54,093 5501 [main] INFO  com.email.controller.SendEmailServlet  - body:email from local
2016-11-16 09:57:53,034 0    [main] INFO  com.email.controller.SendEmailServlet  - inside send email servlet @ post
2016-11-16 09:57:53,045 11   [main] INFO  com.email.controller.SendEmailServlet  - to:siva.sajjala@gmail.com
2016-11-16 09:57:53,045 11   [main] INFO  com.email.controller.SendEmailServlet  - sub:email from local
2016-11-16 09:57:53,046 12   [main] INFO  com.email.controller.SendEmailServlet  - from:siva.kesava11@gmail.com
2016-11-16 09:57:53,046 12   [main] INFO  com.email.controller.SendEmailServlet  - body:email from local
2016-11-16 09:57:53,916 882  [main] INFO  com.email.GenarateHtmlContentTest  - HTML content: <!DOCTYPE html PUBLIC "-//W3C//DTD XHTML 1.0 Transitional//EN" "http://www.w3.org/TR/xhtml1/DTD/xhtml1-transitional.dtd"> <html xmlns="http://www.w3.org/1999/xhtml"> <head><meta http-equiv="Content-Type" content="text/html; charset=UTF-8" /> </head><body><p>hellow this is siva</p></body></html> 
2016-11-16 10:02:24,137 0    [http-nio-8080-exec-9] INFO  com.email.controller.SendEmailServlet  - inside send email servlet @ post
2016-11-16 10:02:24,139 2    [http-nio-8080-exec-9] INFO  com.email.controller.SendEmailServlet  - to:siva.kesava11@gmail.com
2016-11-16 10:02:24,139 2    [http-nio-8080-exec-9] INFO  com.email.controller.SendEmailServlet  - sub:test email
2016-11-16 10:02:24,139 2    [http-nio-8080-exec-9] INFO  com.email.controller.SendEmailServlet  - from:siva.sajjala@gmail.com
2016-11-16 10:02:24,139 2    [http-nio-8080-exec-9] INFO  com.email.controller.SendEmailServlet  - body:test email
2016-11-16 10:52:57,079 0    [http-nio-8080-exec-3] INFO  com.email.controller.SendEmailServlet  - inside send email servlet @ post
2016-11-16 10:52:57,081 2    [http-nio-8080-exec-3] INFO  com.email.controller.SendEmailServlet  - to:siva.kesava11@gmail.com
2016-11-16 10:52:57,081 2    [http-nio-8080-exec-3] INFO  com.email.controller.SendEmailServlet  - sub:test from local
2016-11-16 10:52:57,081 2    [http-nio-8080-exec-3] INFO  com.email.controller.SendEmailServlet  - from:siva.sajjala@gmail.com
2016-11-16 10:52:57,081 2    [http-nio-8080-exec-3] INFO  com.email.controller.SendEmailServlet  - body:test from local
